0 info it worked if it ends with ok
1 verbose cli [ '/usr/local/bin/node', '/usr/bin/npm', 'start' ]
2 info using npm@3.10.10
3 info using node@v11.2.0
4 verbose run-script [ 'prestart', 'start', 'poststart' ]
5 info lifecycle cesleamaincontroller@0.0.0~prestart: cesleamaincontroller@0.0.0
6 silly lifecycle cesleamaincontroller@0.0.0~prestart: no script for prestart, continuing
7 info lifecycle cesleamaincontroller@0.0.0~start: cesleamaincontroller@0.0.0
8 verbose lifecycle cesleamaincontroller@0.0.0~start: unsafe-perm in lifecycle true
9 verbose lifecycle cesleamaincontroller@0.0.0~start: PATH: /usr/lib/node_modules/npm/bin/node-gyp-bin:/home/asdf/Desktop/CES_demo/ceslea_new_home_controller/node_modules/.bin:/usr/local/cuda-8.0/bin:/usr/local/sbin:/usr/local/bin:/usr/sbin:/usr/bin:/sbin:/bin:/usr/games:/usr/local/games:/usr/lib/jvm/java-8-oracle/bin:/usr/lib/jvm/java-8-oracle/db/bin:/usr/lib/jvm/java-8-oracle/jre/bin
10 verbose lifecycle cesleamaincontroller@0.0.0~start: CWD: /home/asdf/Desktop/CES_demo/ceslea_new_home_controller
11 silly lifecycle cesleamaincontroller@0.0.0~start: Args: [ '-c', 'node ./bin/www' ]
12 silly lifecycle cesleamaincontroller@0.0.0~start: Returned: code: 1  signal: null
13 info lifecycle cesleamaincontroller@0.0.0~start: Failed to exec start script
14 verbose stack Error: cesleamaincontroller@0.0.0 start: `node ./bin/www`
14 verbose stack Exit status 1
14 verbose stack     at EventEmitter.<anonymous> (/usr/lib/node_modules/npm/lib/utils/lifecycle.js:255:16)
14 verbose stack     at EventEmitter.emit (events.js:182:13)
14 verbose stack     at ChildProcess.<anonymous> (/usr/lib/node_modules/npm/lib/utils/spawn.js:40:14)
14 verbose stack     at ChildProcess.emit (events.js:182:13)
14 verbose stack     at maybeClose (internal/child_process.js:978:16)
14 verbose stack     at Process.ChildProcess._handle.onexit (internal/child_process.js:265:5)
15 verbose pkgid cesleamaincontroller@0.0.0
16 verbose cwd /home/asdf/Desktop/CES_demo/ceslea_new_home_controller
17 error Linux 4.4.0-98-generic
18 error argv "/usr/local/bin/node" "/usr/bin/npm" "start"
19 error node v11.2.0
20 error npm  v3.10.10
21 error code ELIFECYCLE
22 error cesleamaincontroller@0.0.0 start: `node ./bin/www`
22 error Exit status 1
23 error Failed at the cesleamaincontroller@0.0.0 start script 'node ./bin/www'.
23 error Make sure you have the latest version of node.js and npm installed.
23 error If you do, this is most likely a problem with the cesleamaincontroller package,
23 error not with npm itself.
23 error Tell the author that this fails on your system:
23 error     node ./bin/www
23 error You can get information on how to open an issue for this project with:
23 error     npm bugs cesleamaincontroller
23 error Or if that isn't available, you can get their info via:
23 error     npm owner ls cesleamaincontroller
23 error There is likely additional logging output above.
24 verbose exit [ 1, true ]
